<?xml version="1.0" encoding="UTF-8"?>
<testsuite name="com.swiftlydeveloped.feedbackkit.FeedbackCategoryTest" tests="5" skipped="0" failures="0" errors="0" timestamp="2026-02-08T15:00:30" hostname="Bens-MacBook-Pro.local" time="0.002">
  <properties/>
  <testcase name="fromJsonValue parses valid values" classname="com.swiftlydeveloped.feedbackkit.FeedbackCategoryTest" time="0.001"/>
  <testcase name="fromJsonValue returns null for invalid values" classname="com.swiftlydeveloped.feedbackkit.FeedbackCategoryTest" time="0.0"/>
  <testcase name="displayName returns correct values" classname="com.swiftlydeveloped.feedbackkit.FeedbackCategoryTest" time="0.0"/>
  <testcase name="fromJsonValue is case insensitive" classname="com.swiftlydeveloped.feedbackkit.FeedbackCategoryTest" time="0.0"/>
  <testcase name="jsonValue returns correct snake_case values" classname="com.swiftlydeveloped.feedbackkit.FeedbackCategoryTest" time="0.0"/>
  <system-out><![CDATA[]]></system-out>
  <system-err><![CDATA[]]></system-err>
</testsuite>
