<?xml version="1.0" encoding="UTF-8"?>
<testsuite name="com.swiftlydeveloped.feedbackkit.FeedbackModelTest" tests="6" skipped="0" failures="0" errors="0" timestamp="2026-02-08T15:00:30" hostname="Bens-MacBook-Pro.local" time="0.011">
  <properties/>
  <testcase name="canVote reflects status canVote" classname="com.swiftlydeveloped.feedbackkit.FeedbackModelTest" time="0.003"/>
  <testcase name="feedback deserializes from JSON" classname="com.swiftlydeveloped.feedbackkit.FeedbackModelTest" time="0.006"/>
  <testcase name="withCommentCount creates copy with updated count" classname="com.swiftlydeveloped.feedbackkit.FeedbackModelTest" time="0.0"/>
  <testcase name="withVote creates copy with updated vote state" classname="com.swiftlydeveloped.feedbackkit.FeedbackModelTest" time="0.0"/>
  <testcase name="ListFeedbackOptions toQueryParams includes only non-null values" classname="com.swiftlydeveloped.feedbackkit.FeedbackModelTest" time="0.002"/>
  <testcase name="withStatus creates copy with updated status" classname="com.swiftlydeveloped.feedbackkit.FeedbackModelTest" time="0.0"/>
  <system-out><![CDATA[]]></system-out>
  <system-err><![CDATA[]]></system-err>
</testsuite>
