<?xml version="1.0" encoding="UTF-8"?>
<testsuite name="com.swiftlydeveloped.feedbackkit.FeedbackStatusTest" tests="11" skipped="0" failures="0" errors="0" timestamp="2026-02-08T15:00:30" hostname="Bens-MacBook-Pro.local" time="0.001">
  <properties/>
  <testcase name="canVote returns false for completed status" classname="com.swiftlydeveloped.feedbackkit.FeedbackStatusTest" time="0.0"/>
  <testcase name="canVote returns true for testflight status" classname="com.swiftlydeveloped.feedbackkit.FeedbackStatusTest" time="0.0"/>
  <testcase name="canVote returns true for approved status" classname="com.swiftlydeveloped.feedbackkit.FeedbackStatusTest" time="0.0"/>
  <testcase name="canVote returns true for in_progress status" classname="com.swiftlydeveloped.feedbackkit.FeedbackStatusTest" time="0.0"/>
  <testcase name="fromJsonValue parses valid values" classname="com.swiftlydeveloped.feedbackkit.FeedbackStatusTest" time="0.0"/>
  <testcase name="fromJsonValue returns null for invalid values" classname="com.swiftlydeveloped.feedbackkit.FeedbackStatusTest" time="0.0"/>
  <testcase name="displayName returns correct values" classname="com.swiftlydeveloped.feedbackkit.FeedbackStatusTest" time="0.001"/>
  <testcase name="canVote returns false for rejected status" classname="com.swiftlydeveloped.feedbackkit.FeedbackStatusTest" time="0.0"/>
  <testcase name="fromJsonValue is case insensitive" classname="com.swiftlydeveloped.feedbackkit.FeedbackStatusTest" time="0.0"/>
  <testcase name="jsonValue returns correct snake_case values" classname="com.swiftlydeveloped.feedbackkit.FeedbackStatusTest" time="0.0"/>
  <testcase name="canVote returns true for pending status" classname="com.swiftlydeveloped.feedbackkit.FeedbackStatusTest" time="0.0"/>
  <system-out><![CDATA[]]></system-out>
  <system-err><![CDATA[]]></system-err>
</testsuite>
