<?xml version="1.0" encoding="UTF-8"?>
<testsuite name="com.swiftlydeveloped.feedbackkit.FeedbackKitConfigTest" tests="7" skipped="0" failures="0" errors="0" timestamp="2026-02-08T15:00:30" hostname="Bens-MacBook-Pro.local" time="0.011">
  <properties/>
  <testcase name="default config uses production environment" classname="com.swiftlydeveloped.feedbackkit.FeedbackKitConfigTest" time="0.0"/>
  <testcase name="apiUrl includes api path" classname="com.swiftlydeveloped.feedbackkit.FeedbackKitConfigTest" time="0.01"/>
  <testcase name="environments have correct urls" classname="com.swiftlydeveloped.feedbackkit.FeedbackKitConfigTest" time="0.0"/>
  <testcase name="builder environment sets baseUrl" classname="com.swiftlydeveloped.feedbackkit.FeedbackKitConfigTest" time="0.0"/>
  <testcase name="apiUrl trims trailing slash" classname="com.swiftlydeveloped.feedbackkit.FeedbackKitConfigTest" time="0.0"/>
  <testcase name="builder creates correct config" classname="com.swiftlydeveloped.feedbackkit.FeedbackKitConfigTest" time="0.0"/>
  <testcase name="withUserId creates new config with userId" classname="com.swiftlydeveloped.feedbackkit.FeedbackKitConfigTest" time="0.0"/>
  <system-out><![CDATA[]]></system-out>
  <system-err><![CDATA[]]></system-err>
</testsuite>
